https://nominatim.openstreetmap.org/search?country=argentina&state=santiago%20del%20estero&city=santiago%20del%20estero	1
https://nominatim.openstreetmap.org/search?country=argentina&state=santiago%20del%20estero&city=santiago%20del%20estero	2
https://nominatim.openstreetmap.org/search?country=argentina&state=santiago%20del%20estero&city=yerba%20buena	3
https://nominatim.openstreetmap.org/search?country=argentina&state=santiago%20del%20estero&city=santiago%20del%20estero	11
https://nominatim.openstreetmap.org/search?country=argentina&state=santiago%20del%20estero&city=santiago%20del%20estero	13
https://nominatim.openstreetmap.org/search?country=argentina&state=santiago%20del%20estero&city=santiago%20del%20estero	15
https://nominatim.openstreetmap.org/search?country=argentina&state=santiago%20del%20estero&city=santiago%20del%20estero	17
https://nominatim.openstreetmap.org/search?country=argentina&state=santiago%20del%20estero&city=santiago%20del%20estero	26
https://nominatim.openstreetmap.org/search?country=argentina&state=santiago%20del%20estero&city=santiago%20del%20estero	28
https://nominatim.openstreetmap.org/search?country=argentina&state=santiago%20del%20estero&city=ceres	31
https://nominatim.openstreetmap.org/search?country=argentina&state=santiago%20del%20estero&city=la%20banda	38
https://nominatim.openstreetmap.org/search?country=argentina&state=santiago%20del%20estero&city=santiago%20del%20estero	40
https://nominatim.openstreetmap.org/search?country=argentina&state=santiago%20del%20estero&city=santiago%20del%20estero	42
https://nominatim.openstreetmap.org/search?country=argentina&state=santiago%20del%20estero&city=santiago%20del%20estero	43
https://nominatim.openstreetmap.org/search?country=argentina&state=santiago%20del%20estero&city=san%20miguel%20de%20tucuman	50
https://nominatim.openstreetmap.org/search?country=argentina&state=santiago%20del%20estero&city=santiago%20del%20estero	59
https://nominatim.openstreetmap.org/search?country=argentina&state=santiago%20del%20estero&city=bandera	63
https://nominatim.openstreetmap.org/search?country=argentina&state=santiago%20del%20estero&city=fernandez	68
https://nominatim.openstreetmap.org/search?country=argentina&state=santiago%20del%20estero&city=santiago%20del%20estero	70
https://nominatim.openstreetmap.org/search?country=argentina&state=santiago%20del%20estero&city=la%20banda	76
https://nominatim.openstreetmap.org/search?country=argentina&state=santiago%20del%20estero&city=ceres	78
https://nominatim.openstreetmap.org/search?country=argentina&state=santiago%20del%20estero&city=ceres	79
https://nominatim.openstreetmap.org/search?country=argentina&state=santiago%20del%20estero&city=santiago%20del%20estero	86
https://nominatim.openstreetmap.org/search?country=argentina&state=santiago%20del%20estero&city=santiago%20del%20estero	89
https://nominatim.openstreetmap.org/search?country=argentina&state=santiago%20del%20estero&city=santiago%20del%20estero	91
https://nominatim.openstreetmap.org/search?country=argentina&state=catamarca&city=catamarca	103
https://nominatim.openstreetmap.org/search?country=argentina&state=catamarca&city=juan%20b.%20alberdi	126
https://nominatim.openstreetmap.org/search?country=argentina&state=catamarca&city=catamarca	133
https://nominatim.openstreetmap.org/search?country=argentina&state=catamarca&city=catamerca	171
https://nominatim.openstreetmap.org/search?country=argentina&state=la%20rioja&city=la%20rioja	181
https://nominatim.openstreetmap.org/search?country=argentina&state=la%20rioja&city=la%20rioja	184
https://nominatim.openstreetmap.org/search?country=argentina&state=la%20rioja&city=la%20rioja	186
https://nominatim.openstreetmap.org/search?country=argentina&state=la%20rioja&city=la%20rioja	190
https://nominatim.openstreetmap.org/search?country=argentina&state=la%20rioja&city=chamical	193
https://nominatim.openstreetmap.org/search?country=argentina&state=la%20rioja&city=chilecito	205
https://nominatim.openstreetmap.org/search?country=argentina&state=entre%20rios&city=concepcion%20del%20uruguay	264
https://nominatim.openstreetmap.org/search?country=argentina&state=entre%20rios&city=concepcion%20del%20uruguay	265
https://nominatim.openstreetmap.org/search?country=argentina&state=caba&city=caba	271
https://nominatim.openstreetmap.org/search?country=argentina&state=entre%20rios&city=concepcion%20del%20uruguay	290
https://nominatim.openstreetmap.org/search?country=argentina&state=entre%20rios&city=concepcion%20del%20uruguay	292
https://nominatim.openstreetmap.org/search?country=argentina&state=entre%20rios&city=concepcion%20del%20uruguay	311
https://nominatim.openstreetmap.org/search?country=argentina&state=santa%20fe&city=santa%20fe	336
https://nominatim.openstreetmap.org/search?country=argentina&state=entre%20rios&city=general%20galarza	346
https://nominatim.openstreetmap.org/search?country=argentina&state=entre%20rios&city=concepcion%20del%20uruguay	350
https://nominatim.openstreetmap.org/search?country=argentina&state=entre%20rios&city=concepcion%20del%20uruguay	351
https://nominatim.openstreetmap.org/search?country=argentina&state=entre%20rios&city=concepcion%20del%20uruguay	352
https://nominatim.openstreetmap.org/search?country=argentina&state=entre%20rios&city=concepcion%20del%20uruguay	371
https://nominatim.openstreetmap.org/search?country=argentina&state=entre%20rios&city=concepcion%20del%20uruguay	376
https://nominatim.openstreetmap.org/search?country=argentina&state=santa%20fe&city=llambi%20cambell	411
https://nominatim.openstreetmap.org/search?country=argentina&state=entre%20rios&city=concepcion%20del%20uruguay	422
https://nominatim.openstreetmap.org/search?country=argentina&state=la%20pampa&city=santa%20rosa	430
https://nominatim.openstreetmap.org/search?country=argentina&state=la%20pampa&city=jacinto%20arauz%208208	435
https://nominatim.openstreetmap.org/search?country=argentina&state=la%20pampa&city=pellegrini%206346	438
https://nominatim.openstreetmap.org/search?country=argentina&state=la%20pampa&city=toay	444
https://nominatim.openstreetmap.org/search?country=argentina&state=rio%20negro&city=viedma	445
https://nominatim.openstreetmap.org/search?country=argentina&state=la%20pampa&city=victorica	447
https://nominatim.openstreetmap.org/search?country=argentina&state=la%20pampa&city=gral%20pico	448
https://nominatim.openstreetmap.org/search?country=argentina&state=buenos%20aires&city=florida	451
https://nominatim.openstreetmap.org/search?country=argentina&state=la%20pampa&city=toay	455
https://nominatim.openstreetmap.org/search?country=argentina&state=la%20pampa&city=gral%20pico	457
https://nominatim.openstreetmap.org/search?country=argentina&state=la%20pampa&city=general%20campos%20-%206309	459
https://nominatim.openstreetmap.org/search?country=argentina&state=la%20pampa&city=santa%20rosa	460
https://nominatim.openstreetmap.org/search?country=argentina&state=la%20pampa&city=gral%20pico	465
https://nominatim.openstreetmap.org/search?country=argentina&state=la%20pampa&city=santa%20rosa	467
https://nominatim.openstreetmap.org/search?country=argentina&state=la%20pampa&city=gral%20pico	471
https://nominatim.openstreetmap.org/search?country=argentina&state=chubut&city=cipolletti	626
https://nominatim.openstreetmap.org/search?country=argentina&state=la%20pampa&city=cutralco	651
https://nominatim.openstreetmap.org/search?country=argentina&state=formosa&city=formosa	1073
https://nominatim.openstreetmap.org/search?country=argentina&state=formosa&city=formosa	1077
https://nominatim.openstreetmap.org/search?country=argentina&state=formosa&city=formosa	1078
https://nominatim.openstreetmap.org/search?country=argentina&state=formosa&city=formosa	1079
https://nominatim.openstreetmap.org/search?country=argentina&state=formosa&city=formosa	1081
https://nominatim.openstreetmap.org/search?country=argentina&state=formosa&city=formosa	1082
https://nominatim.openstreetmap.org/search?country=argentina&state=formosa&city=formosa	1085
https://nominatim.openstreetmap.org/search?country=argentina&state=formosa&city=formosa	1088
https://nominatim.openstreetmap.org/search?country=argentina&state=formosa&city=el%20colorado	1090
https://nominatim.openstreetmap.org/search?country=argentina&state=formosa&city=laguna%20blanca	1091
https://nominatim.openstreetmap.org/search?country=argentina&state=formosa&city=mision%20lahisi	1094
https://nominatim.openstreetmap.org/search?country=argentina&state=formosa&city=formosa	1098
https://nominatim.openstreetmap.org/search?country=argentina&state=formosa&city=formosa	1102
https://nominatim.openstreetmap.org/search?country=argentina&state=formosa&city=clorinda	1109
https://nominatim.openstreetmap.org/search?country=argentina&state=formosa&city=formosa	1112
https://nominatim.openstreetmap.org/search?country=argentina&state=formosa&city=pirane	1117
https://nominatim.openstreetmap.org/search?country=argentina&state=formosa&city=formosa	1118
https://nominatim.openstreetmap.org/search?country=argentina&state=formosa&city=formosa	1120
https://nominatim.openstreetmap.org/search?country=argentina&state=formosa&city=bs.%20as.	1122
https://nominatim.openstreetmap.org/search?country=argentina&state=formosa&city=formosa	1129
https://nominatim.openstreetmap.org/search?country=argentina&state=formosa&city=formosa	1132
https://nominatim.openstreetmap.org/search?country=argentina&state=formosa&city=formosa	1135
https://nominatim.openstreetmap.org/search?country=argentina&state=formosa&city=formosa	1139
https://nominatim.openstreetmap.org/search?country=argentina&state=misiones&city=posadas	1154
https://nominatim.openstreetmap.org/search?country=argentina&state=misiones&city=apostoles	1161
https://nominatim.openstreetmap.org/search?country=argentina&state=misiones&city=posadas	1187
https://nominatim.openstreetmap.org/search?country=argentina&state=misiones&city=posadas	1196
https://nominatim.openstreetmap.org/search?country=argentina&state=misiones&city=airstobulo%20del%20valle	1201
https://nominatim.openstreetmap.org/search?country=argentina&state=buenos%20aires&city=bahia%20blanca	1374
https://nominatim.openstreetmap.org/search?country=argentina&state=cordoba&city=oncativo	1398
https://nominatim.openstreetmap.org/search?country=argentina&state=salta&city=salta%20capital	1523
https://nominatim.openstreetmap.org/search?country=argentina&state=salta&city=salta%20capital	1526
https://nominatim.openstreetmap.org/search?country=argentina&state=salta&city=salta%20capital	1530
https://nominatim.openstreetmap.org/search?country=argentina&state=salta&city=salta%20capital	1531
https://nominatim.openstreetmap.org/search?country=argentina&state=salta&city=salta%20capital	1532
https://nominatim.openstreetmap.org/search?country=argentina&state=salta&city=salta%20capital	1533
https://nominatim.openstreetmap.org/search?country=argentina&state=salta&city=salta%20capital	1539
https://nominatim.openstreetmap.org/search?country=argentina&state=salta&city=salta%20capital	1542
https://nominatim.openstreetmap.org/search?country=argentina&state=salta&city=salta%20capital	1545
https://nominatim.openstreetmap.org/search?country=argentina&state=salta&city=salta%20capital	1549
https://nominatim.openstreetmap.org/search?country=argentina&state=salta&city=salta%20capital	1556
https://nominatim.openstreetmap.org/search?country=argentina&state=salta&city=salta%20capital	1558
https://nominatim.openstreetmap.org/search?country=argentina&state=salta&city=salta%20capital	1560
https://nominatim.openstreetmap.org/search?country=argentina&state=salta&city=salta%20capital	1563
https://nominatim.openstreetmap.org/search?country=argentina&state=caba&city=caba	1597
https://nominatim.openstreetmap.org/search?country=argentina&state=caba&city=caba	1605
https://nominatim.openstreetmap.org/search?country=argentina&state=santa%20cruz&city=puerto%20san%20julian	1610
https://nominatim.openstreetmap.org/search?country=argentina&state=corrientes&city=monte%20caseros	1630
https://nominatim.openstreetmap.org/search?country=argentina&state=corrientes&city=mocoreta	1643
https://nominatim.openstreetmap.org/search?country=argentina&state=misiones&city=posadas	1659
https://nominatim.openstreetmap.org/search?country=argentina&state=corrientes&city=monte%20casero	1673
https://nominatim.openstreetmap.org/search?country=argentina&state=misiones&city=posadas	1675
https://nominatim.openstreetmap.org/search?country=argentina&state=corrientes&city=gobernador%20virasoro	1689
https://nominatim.openstreetmap.org/search?country=argentina&state=corrientes&city=monte%20caseros	1700
https://nominatim.openstreetmap.org/search?country=argentina&state=corrientes&city=perugorria	1730
https://nominatim.openstreetmap.org/search?country=argentina&state=corrientes&city=gobernador%20virasoro	1787
https://nominatim.openstreetmap.org/search?country=argentina&state=corrientes&city=gobernador%20virasoro	1788
https://nominatim.openstreetmap.org/search?country=argentina&state=corrientes&city=monte%20caseros	1801
https://nominatim.openstreetmap.org/search?country=argentina&state=corrientes&city=gobernador%20virasoro	1826
https://nominatim.openstreetmap.org/search?country=argentina&state=corrientes&city=monte%20caseros	1828
https://nominatim.openstreetmap.org/search?country=argentina&state=buenos%20aires&city=junin	1834
https://nominatim.openstreetmap.org/search?country=argentina&state=buenos%20aires&city=estacion%20baradero	1838
https://nominatim.openstreetmap.org/search?country=argentina&state=buenos%20aires&city=moreno	1843
https://nominatim.openstreetmap.org/search?country=argentina&state=buenos%20aires&city=rojas	1848
https://nominatim.openstreetmap.org/search?country=argentina&state=buenos%20aires&city=cuartel%204	1849
https://nominatim.openstreetmap.org/search?country=argentina&state=buenos%20aires&city=arrecifes	1851
https://nominatim.openstreetmap.org/search?country=argentina&state=buenos%20aires&city=lujan	1855
https://nominatim.openstreetmap.org/search?country=argentina&state=buenos%20aires&city=merlo	1864
https://nominatim.openstreetmap.org/search?country=argentina&state=buenos%20aires&city=villa%20estacion%20ramallo	1865
https://nominatim.openstreetmap.org/search?country=argentina&state=buenos%20aires&city=los%20cardales	1870
https://nominatim.openstreetmap.org/search?country=argentina&state=buenos%20aires&city=4%20de%20noviembre	1873
https://nominatim.openstreetmap.org/search?country=argentina&state=buenos%20aires&city=junin	1874
https://nominatim.openstreetmap.org/search?country=argentina&state=buenos%20aires&city=junin	1883
https://nominatim.openstreetmap.org/search?country=argentina&state=buenos%20aires&city=9%20de%20julio	1887
https://nominatim.openstreetmap.org/search?country=argentina&state=buenos%20aires&city=zarate	1893
https://nominatim.openstreetmap.org/search?country=argentina&state=buenos%20aires&city=zarate	1894
https://nominatim.openstreetmap.org/search?country=argentina&state=buenos%20aires&city=bragado	1897
https://nominatim.openstreetmap.org/search?country=argentina&state=buenos%20aires&city=salto	1900
https://nominatim.openstreetmap.org/search?country=argentina&state=buenos%20aires&city=9%20de%20julio	1913
https://nominatim.openstreetmap.org/search?country=argentina&state=buenos%20aires&city=san%20pedro	1921
https://nominatim.openstreetmap.org/search?country=argentina&state=buenos%20aires&city=villa%20estacion%20ramallo	1947
https://nominatim.openstreetmap.org/search?country=argentina&state=buenos%20aires&city=navarro	1948
https://nominatim.openstreetmap.org/search?country=argentina&state=buenos%20aires&city=navarro	1964
https://nominatim.openstreetmap.org/search?country=argentina&state=buenos%20aires&city=laprida	1969
https://nominatim.openstreetmap.org/search?country=argentina&state=buenos%20aires&city=carlos%20casares	1971
https://nominatim.openstreetmap.org/search?country=argentina&state=buenos%20aires&city=pehuajo	1972
https://nominatim.openstreetmap.org/search?country=argentina&state=buenos%20aires&city=rivadavia	1975
https://nominatim.openstreetmap.org/search?country=argentina&state=buenos%20aires&city=rivadavia	1979
https://nominatim.openstreetmap.org/search?country=argentina&state=buenos%20aires&city=tandil	1987
https://nominatim.openstreetmap.org/search?country=argentina&state=buenos%20aires&city=carlos%20tejedor	1992
https://nominatim.openstreetmap.org/search?country=argentina&state=buenos%20aires&city=tandil	1999
https://nominatim.openstreetmap.org/search?country=argentina&state=buenos%20aires&city=salliquelo	2000
https://nominatim.openstreetmap.org/search?country=argentina&state=buenos%20aires&city=pehuajo	2005
https://nominatim.openstreetmap.org/search?country=argentina&state=buenos%20aires&city=las%20flores	2012
https://nominatim.openstreetmap.org/search?country=argentina&state=buenos%20aires&city=juarez	2014
https://nominatim.openstreetmap.org/search?country=argentina&state=buenos%20aires&city=henderson	2015
https://nominatim.openstreetmap.org/search?country=argentina&state=buenos%20aires&city=benito%20juarez	2019
https://nominatim.openstreetmap.org/search?country=argentina&state=buenos%20aires&city=tandil	2020
https://nominatim.openstreetmap.org/search?country=argentina&state=buenos%20aires&city=tandil	2026
https://nominatim.openstreetmap.org/search?country=argentina&state=buenos%20aires&city=tandil	2027
https://nominatim.openstreetmap.org/search?country=argentina&state=buenos%20aires&city=pehuajo	2042
https://nominatim.openstreetmap.org/search?country=argentina&state=buenos%20aires&city=tres%20arroyos	2055
https://nominatim.openstreetmap.org/search?country=argentina&state=buenos%20aires&city=coronel%20dorrego	2057
https://nominatim.openstreetmap.org/search?country=argentina&state=buenos%20aires&city=bahia%20blanca	2059
https://nominatim.openstreetmap.org/search?country=argentina&state=buenos%20aires&city=medanos	2061
https://nominatim.openstreetmap.org/search?country=argentina&state=buenos%20aires&city=bahia%20blanca	2064
https://nominatim.openstreetmap.org/search?country=argentina&state=buenos%20aires&city=tres%20arroyos	2066
https://nominatim.openstreetmap.org/search?country=argentina&state=buenos%20aires&city=bahia%20blanca	2074
https://nominatim.openstreetmap.org/search?country=argentina&state=buenos%20aires&city=bahia%20blanca	2077
https://nominatim.openstreetmap.org/search?country=argentina&state=buenos%20aires&city=villa%20iris	2085
https://nominatim.openstreetmap.org/search?country=argentina&state=buenos%20aires&city=barrio%20parque%20patagonia	2088
https://nominatim.openstreetmap.org/search?country=argentina&state=buenos%20aires&city=bahia%20blanca	2094
https://nominatim.openstreetmap.org/search?country=argentina&state=buenos%20aires&city=carmen%20de%20patagones	2096
https://nominatim.openstreetmap.org/search?country=argentina&state=buenos%20aires&city=bahia%20blanca	2107
https://nominatim.openstreetmap.org/search?country=argentina&state=buenos%20aires&city=coronel%20suarez	2110
https://nominatim.openstreetmap.org/search?country=argentina&state=buenos%20aires&city=bahia%20blanca	2128
https://nominatim.openstreetmap.org/search?country=argentina&state=buenos%20aires&city=tres%20arroyos	2162
https://nominatim.openstreetmap.org/search?country=argentina&state=buenos%20aires&city=bahia%20blanca	2168
https://nominatim.openstreetmap.org/search?country=argentina&state=buenos%20aires&city=carmen%20de%20patagones	2182
https://nominatim.openstreetmap.org/search?country=argentina&state=buenos%20aires&city=s.de%20la%20ventana	2199
https://nominatim.openstreetmap.org/search?country=argentina&state=buenos%20aires&city=gral.daniel%20cerri	2215
https://nominatim.openstreetmap.org/search?country=argentina&state=buenos%20aires&city=coronel%20dorrego	2223
https://nominatim.openstreetmap.org/search?country=argentina&state=buenos%20aires&city=darragueira	2230
https://nominatim.openstreetmap.org/search?country=argentina&state=buenos%20aires&city=san%20clem.%20del%20tuyu	2237
https://nominatim.openstreetmap.org/search?country=argentina&state=buenos%20aires&city=mar%20del%20plata	2240
https://nominatim.openstreetmap.org/search?country=argentina&state=buenos%20aires&city=mar%20del%20plata	2242
https://nominatim.openstreetmap.org/search?country=argentina&state=buenos%20aires&city=mar%20del%20plata	2247
https://nominatim.openstreetmap.org/search?country=argentina&state=buenos%20aires&city=mar%20del%20plata	2250
https://nominatim.openstreetmap.org/search?country=argentina&state=buenos%20aires&city=quequen	2252
https://nominatim.openstreetmap.org/search?country=argentina&state=buenos%20aires&city=balcarce	2264
https://nominatim.openstreetmap.org/search?country=argentina&state=buenos%20aires&city=san%20clem.%20del%20tuyu	2268
https://nominatim.openstreetmap.org/search?country=argentina&state=buenos%20aires&city=mar%20de%20ajo	2269
https://nominatim.openstreetmap.org/search?country=argentina&state=buenos%20aires&city=mar%20del%20plata	2271
https://nominatim.openstreetmap.org/search?country=argentina&state=buenos%20aires&city=mar%20del%20plata	2274
https://nominatim.openstreetmap.org/search?country=argentina&state=buenos%20aires&city=mar%20del%20plata	2290
https://nominatim.openstreetmap.org/search?country=argentina&state=buenos%20aires&city=balcarce	2306
https://nominatim.openstreetmap.org/search?country=argentina&state=buenos%20aires&city=la%20plata	2313
https://nominatim.openstreetmap.org/search?country=argentina&state=buenos%20aires&city=villa%20del%20plata	2317
https://nominatim.openstreetmap.org/search?country=argentina&state=buenos%20aires&city=manuel%20b.gonnet	2333
https://nominatim.openstreetmap.org/search?country=argentina&state=buenos%20aires&city=tolosa	2361
https://nominatim.openstreetmap.org/search?country=argentina&state=buenos%20aires&city=carlos%20tejedor	2365
https://nominatim.openstreetmap.org/search?country=argentina&state=buenos%20aires&city=la%20plata	2371
https://nominatim.openstreetmap.org/search?country=argentina&state=buenos%20aires&city=manuel%20b.gonnet	2379
https://nominatim.openstreetmap.org/search?country=argentina&state=buenos%20aires&city=la%20plata	2386
https://nominatim.openstreetmap.org/search?country=argentina&state=buenos%20aires&city=manuel%20b.gonnet	2394
https://nominatim.openstreetmap.org/search?country=argentina&state=buenos%20aires&city=coronel%20brandsen	2401
https://nominatim.openstreetmap.org/search?country=argentina&state=buenos%20aires&city=balneario%20punta%20lara	2404
https://nominatim.openstreetmap.org/search?country=argentina&state=buenos%20aires&city=manuel%20b.gonnet	2409
https://nominatim.openstreetmap.org/search?country=argentina&state=buenos%20aires&city=chascomus	2423
https://nominatim.openstreetmap.org/search?country=argentina&state=buenos%20aires&city=henderson	2424
https://nominatim.openstreetmap.org/search?country=argentina&state=buenos%20aires&city=magdalena	2433
https://nominatim.openstreetmap.org/search?country=argentina&state=buenos%20aires&city=villa%20elisa	2436
https://nominatim.openstreetmap.org/search?country=argentina&state=buenos%20aires&city=tolosa	2439
https://nominatim.openstreetmap.org/search?country=argentina&state=buenos%20aires&city=la%20plata	2455
https://nominatim.openstreetmap.org/search?country=argentina&state=buenos%20aires&city=ringuelet	2465
https://nominatim.openstreetmap.org/search?country=argentina&state=buenos%20aires&city=ringuelet	2468
https://nominatim.openstreetmap.org/search?country=argentina&state=buenos%20aires&city=coronel%20brandsen	2470
https://nominatim.openstreetmap.org/search?country=argentina&state=buenos%20aires&city=lezama-manuel%20j.cobo	2474
https://nominatim.openstreetmap.org/search?country=argentina&state=buenos%20aires&city=tolosa	2480
https://nominatim.openstreetmap.org/search?country=argentina&state=buenos%20aires&city=la%20plata	2487
https://nominatim.openstreetmap.org/search?country=argentina&state=buenos%20aires&city=la%20plata	2492
https://nominatim.openstreetmap.org/search?country=argentina&state=buenos%20aires&city=coronel%20brandsen	2505
https://nominatim.openstreetmap.org/search?country=argentina&state=buenos%20aires&city=carmen%20de%20areco	2510
https://nominatim.openstreetmap.org/search?country=argentina&state=buenos%20aires&city=chascomus	2532
https://nominatim.openstreetmap.org/search?country=argentina&state=buenos%20aires&city=coronel%20brandsen	2551
https://nominatim.openstreetmap.org/search?country=argentina&state=buenos%20aires&city=magdalena	2554
https://nominatim.openstreetmap.org/search?country=argentina&state=buenos%20aires&city=arana	2559
https://nominatim.openstreetmap.org/search?country=argentina&state=buenos%20aires&city=villa%20elisa	2583
https://nominatim.openstreetmap.org/search?country=argentina&state=buenos%20aires&city=arturo%20segu	2584
https://nominatim.openstreetmap.org/search?country=argentina&state=buenos%20aires&city=pila	2610
https://nominatim.openstreetmap.org/search?country=argentina&state=buenos%20aires&city=coronel%20brandsen	2621
https://nominatim.openstreetmap.org/search?country=argentina&state=buenos%20aires&city=quilmes	2664
https://nominatim.openstreetmap.org/search?country=argentina&state=buenos%20aires&city=cauelas	2680
https://nominatim.openstreetmap.org/search?country=argentina&state=buenos%20aires&city=avellaneda	2709
https://nominatim.openstreetmap.org/search?country=argentina&state=buenos%20aires&city=lanus	2732
https://nominatim.openstreetmap.org/search?country=argentina&state=buenos%20aires&city=monte%20grande	2743
https://nominatim.openstreetmap.org/search?country=argentina&state=buenos%20aires&city=adrogu	2762
https://nominatim.openstreetmap.org/search?country=argentina&state=buenos%20aires&city=4%20de%20noviembre	2766
https://nominatim.openstreetmap.org/search?country=argentina&state=buenos%20aires&city=jos%20marmol	2777
https://nominatim.openstreetmap.org/search?country=argentina&state=buenos%20aires&city=temperley	2786
https://nominatim.openstreetmap.org/search?country=argentina&state=buenos%20aires&city=valentin%20alsina	2787
https://nominatim.openstreetmap.org/search?country=argentina&state=buenos%20aires&city=moron	2798
https://nominatim.openstreetmap.org/search?country=argentina&state=buenos%20aires&city=moron	2799
https://nominatim.openstreetmap.org/search?country=argentina&state=buenos%20aires&city=ciudadela	2800
https://nominatim.openstreetmap.org/search?country=argentina&state=buenos%20aires&city=ituzaingo	2810
https://nominatim.openstreetmap.org/search?country=argentina&state=buenos%20aires&city=san%20justo	2812
https://nominatim.openstreetmap.org/search?country=argentina&state=buenos%20aires&city=gonzalez%20catan	2820
https://nominatim.openstreetmap.org/search?country=argentina&state=buenos%20aires&city=haedo%20mariano%20j	2823
https://nominatim.openstreetmap.org/search?country=argentina&state=buenos%20aires&city=haedo%20mariano%20j	2841
https://nominatim.openstreetmap.org/search?country=argentina&state=buenos%20aires&city=moron	2845
https://nominatim.openstreetmap.org/search?country=argentina&state=buenos%20aires&city=tablada	2854
https://nominatim.openstreetmap.org/search?country=argentina&state=buenos%20aires&city=villa%20luzuriaga	2857
https://nominatim.openstreetmap.org/search?country=argentina&state=buenos%20aires&city=ramos%20mejia	2865
https://nominatim.openstreetmap.org/search?country=argentina&state=buenos%20aires&city=castelar	2867
https://nominatim.openstreetmap.org/search?country=argentina&state=buenos%20aires&city=santos%20tesei%20(oeste)	2868
https://nominatim.openstreetmap.org/search?country=argentina&state=buenos%20aires&city=marcos%20paz	2878
https://nominatim.openstreetmap.org/search?country=argentina&state=buenos%20aires&city=ciudad%20evita	2885
https://nominatim.openstreetmap.org/search?country=argentina&state=buenos%20aires&city=moron	2887
https://nominatim.openstreetmap.org/search?country=argentina&state=buenos%20aires&city=gonzalez%20catan	2888
https://nominatim.openstreetmap.org/search?country=argentina&state=buenos%20aires&city=villa%20luzuriaga	2890
https://nominatim.openstreetmap.org/search?country=argentina&state=buenos%20aires&city=martin%20coronado	2897
https://nominatim.openstreetmap.org/search?country=argentina&state=buenos%20aires&city=ituzaingo	2898
https://nominatim.openstreetmap.org/search?country=argentina&state=buenos%20aires&city=tapiales	2899
https://nominatim.openstreetmap.org/search?country=argentina&state=buenos%20aires&city=castelar	2922
https://nominatim.openstreetmap.org/search?country=argentina&state=buenos%20aires&city=capital%20federal	2923
https://nominatim.openstreetmap.org/search?country=argentina&state=buenos%20aires&city=moron	2931
https://nominatim.openstreetmap.org/search?country=argentina&state=buenos%20aires&city=villa%20maipu	2957
https://nominatim.openstreetmap.org/search?country=argentina&state=buenos%20aires&city=capital%20federal	2976
https://nominatim.openstreetmap.org/search?country=argentina&state=buenos%20aires&city=capital%20federal	2987
https://nominatim.openstreetmap.org/search?country=argentina&state=buenos%20aires&city=capital%20federal	2992
https://nominatim.openstreetmap.org/search?country=argentina&state=buenos%20aires&city=jose%20leon%20suarez	2993
https://nominatim.openstreetmap.org/search?country=argentina&state=buenos%20aires&city=villa%20bosch	2996
https://nominatim.openstreetmap.org/search?country=argentina&state=buenos%20aires&city=villa%20ballester	2997
https://nominatim.openstreetmap.org/search?country=argentina&state=buenos%20aires&city=muiz	3000
https://nominatim.openstreetmap.org/search?country=argentina&state=buenos%20aires&city=san%20martn	3003
https://nominatim.openstreetmap.org/search?country=argentina&state=buenos%20aires&city=bella%20vista	3005
https://nominatim.openstreetmap.org/search?country=argentina&state=buenos%20aires&city=parada%20robles	3008
https://nominatim.openstreetmap.org/search?country=argentina&state=buenos%20aires&city=pilar	3010
https://nominatim.openstreetmap.org/search?country=argentina&state=buenos%20aires&city=san%20miguel	3022
https://nominatim.openstreetmap.org/search?country=argentina&state=buenos%20aires&city=bella%20vista	3026
https://nominatim.openstreetmap.org/search?country=argentina&state=buenos%20aires&city=caseros	3029
https://nominatim.openstreetmap.org/search?country=argentina&state=buenos%20aires&city=olivos	3061
https://nominatim.openstreetmap.org/search?country=argentina&state=buenos%20aires&city=villa%20rosa	3064
https://nominatim.openstreetmap.org/search?country=argentina&state=buenos%20aires&city=olivos	3096
https://nominatim.openstreetmap.org/search?country=argentina&state=buenos%20aires&city=capital%20federal	3099
https://nominatim.openstreetmap.org/search?country=argentina&state=buenos%20aires&city=capital%20federal	3101
https://nominatim.openstreetmap.org/search?country=argentina&state=buenos%20aires&city=vicente%20lopez	3136
https://nominatim.openstreetmap.org/search?country=argentina&state=buenos%20aires&city=beccar	3141
